<?xml version="1.0" encoding="utf-8"?>
<shfbBuild product="Sandcastle Help File Builder and Tools" version="2015.10.10.0" projectFile="C:\Users\Fred Ekstrand\Documents\Visual Studio 2015\Projects\EnigmaBinary\Dox\SandcastleCfg.shfbproj" started="5/29/2016 9:19:00 AM">
<buildStep step="Initializing">
Finding tools...
The Sandcastle tools are located in &#39;C:\Program Files\EWSoftware\Sandcastle Help File Builder\&#39;
Locating components in the following folder(s):
    C:\Users\Fred Ekstrand\Documents\Visual Studio 2015\Projects\EnigmaBinary\Dox
    C:\ProgramData\EWSoftware\Sandcastle Help File Builder\Components and Plug-Ins\
    C:\Program Files\EWSoftware\Sandcastle Help File Builder\
Framework reflection data location: C:\Program Files\EWSoftware\Sandcastle Help File Builder\Data\.NETFramework
Using presentation style &#39;VS2015&#39; located in &#39;C:\ProgramData\EWSoftware\Sandcastle Help File Builder\Components and Plug-Ins\VS2015&#39;
Loading and initializing plug-ins...
Lightweight Website Style Version 2015.10.10.0
Copyright &#169; 2006-2015, Eric Woodruff, All Rights Reserved
Portions Copyright &#169; 2014, Sam Harwell, All Rights Reserved
-------------------------------
Clearing any prior web/markdown output...
    Did not delete folder &#39;C:\Users\Fred Ekstrand\Documents\Github\fredekstrand.github.io\.git&#39; as it contains read-only or hidden folders/files
</buildStep>
<buildStep step="ValidatingDocumentationSources">
Validating and copying documentation source information
Source: C:\Users\Fred Ekstrand\Documents\Github\EnigmaBinary\EnigmaBinary\EnigmaBinary.csproj
    Found project &#39;C:\Users\Fred Ekstrand\Documents\Github\EnigmaBinary\EnigmaBinary\EnigmaBinary.csproj&#39;

Parsing project files
    Found assembly &#39;C:\Users\Fred Ekstrand\Documents\Github\EnigmaBinary\EnigmaBinary\bin\Debug\EnigmaBinaryCipher.dll&#39;
SHFB: Warning BE0007: A project with a different or higher framework version was found.  Changing project FrameworkVersion property from &#39;.NET Framework 4.5&#39; to &#39;.NET Framework 4.0&#39; for the build.

References to include (excluding framework assemblies):
    None

Copying XML comments files
    C:\Users\Fred Ekstrand\Documents\Github\EnigmaBinary\EnigmaBinary\bin\Debug\EnigmaBinaryCipher.xml -&gt; C:\Users\Fred Ekstrand\Documents\Github\fredekstrand.github.io\Working\EnigmaBinaryCipher.xml
</buildStep>
<buildStep step="GenerateSharedContent">
Generating shared content files (en-US, English (United States))...
<plugIn name="Lightweight Website Style" behavior="After" priority="1000">
</plugIn>    Last step completed in 00:00:00.2344
</buildStep>
<buildStep step="GenerateApiFilter">
Generating API filter for MRefBuilder...
    Last step completed in 00:00:00.1406
</buildStep>
<buildStep step="GenerateReflectionInfo">
Generating reflection information...
[C:\Windows\Microsoft.NET\Framework\v4.0.30319\MSBuild.exe - GenerateRefInfo.proj]
Build started 5/29/2016 9:19:07 AM.
Project &quot;C:\Users\Fred Ekstrand\Documents\Github\fredekstrand.github.io\Working\GenerateRefInfo.proj&quot; on node 1 (default targets).
PrepareForBuild:
  Creating directory &quot;obj\Debug\&quot;.
GenerateRefInfo:
  MRefBuilder (v2015.10.10.0)
  Copyright c 2006-2015, Microsoft Corporation, All Rights Reserved.
  Portions Copyright c 2006-2015, Eric Woodruff, All Rights Reserved.
  Loaded 1 assemblies for reflection and 1 dependency assemblies.
  Wrote information on 1 namespaces, 36 types, and 249 members
  Copying file from &quot;reflection.org&quot; to &quot;reflection.all&quot;.
  XslTransform (v2015.10.10.0)
  Copyright c 2006-2015, Microsoft Corporation, All Rights Reserved.
  Portions Copyright c 2006-2015, Eric Woodruff, All Rights Reserved.
  Applying XSL transformation &#39;C:\Program Files\EWSoftware\Sandcastle Help File Builder\ProductionTransforms\MergeDuplicates.xsl&#39;.
Done Building Project &quot;C:\Users\Fred Ekstrand\Documents\Github\fredekstrand.github.io\Working\GenerateRefInfo.proj&quot; (default targets).

Build succeeded.

Time Elapsed 00:00:01.20
    Last step completed in 00:00:03.5625
</buildStep>
<buildStep step="TransformReflectionInfo">
Transforming reflection output...
[C:\Windows\Microsoft.NET\Framework\v4.0.30319\MSBuild.exe - TransformManifest.proj]
Build started 5/29/2016 9:19:09 AM.
Project &quot;C:\Users\Fred Ekstrand\Documents\Github\fredekstrand.github.io\Working\TransformManifest.proj&quot; on node 1 (default targets).
TransformManifest:
  XslTransform (v2015.10.10.0)
  Copyright c 2006-2015, Microsoft Corporation, All Rights Reserved.
  Portions Copyright c 2006-2015, Eric Woodruff, All Rights Reserved.
  Applying XSL transformation &#39;C:\Program Files\EWSoftware\Sandcastle Help File Builder\\ProductionTransforms\ApplyVSDocModel.xsl&#39;.
  Copying file from &quot;reflection.xml&quot; to &quot;reflection.nofilenames&quot;.
  XslTransform (v2015.10.10.0)
  Copyright c 2006-2015, Microsoft Corporation, All Rights Reserved.
  Portions Copyright c 2006-2015, Eric Woodruff, All Rights Reserved.
  Applying XSL transformation &#39;C:\Program Files\EWSoftware\Sandcastle Help File Builder\ProductionTransforms\AddFilenames.xsl&#39;.
  XslTransform (v2015.10.10.0)
  Copyright c 2006-2015, Microsoft Corporation, All Rights Reserved.
  Portions Copyright c 2006-2015, Eric Woodruff, All Rights Reserved.
  Applying XSL transformation &#39;C:\Program Files\EWSoftware\Sandcastle Help File Builder\ProductionTransforms\ReflectionToManifest.xsl&#39;.
Done Building Project &quot;C:\Users\Fred Ekstrand\Documents\Github\fredekstrand.github.io\Working\TransformManifest.proj&quot; (default targets).

Build succeeded.

Time Elapsed 00:00:02.53
    Last step completed in 00:00:02.7656
</buildStep>
<buildStep step="GenerateNamespaceSummaries">
Generating namespace summary information...
    Last step completed in 00:00:00.1250
</buildStep>
<buildStep step="CopyAdditionalContent">
Copying additional content files...
No additional content to copy
    Last step completed in 00:00:00.0000
</buildStep>
<buildStep step="MergeTablesOfContents">
Merging conceptual and additional tables of contents...
    Last step completed in 00:00:00.0000
</buildStep>
<buildStep step="GenerateIntermediateTableOfContents">
Generating intermediate table of contents file...
[C:\Windows\Microsoft.NET\Framework\v4.0.30319\MSBuild.exe - GenerateIntermediateTOC.proj]
Build started 5/29/2016 9:19:12 AM.
Project &quot;C:\Users\Fred Ekstrand\Documents\Github\fredekstrand.github.io\Working\GenerateIntermediateTOC.proj&quot; on node 1 (default targets).
GenerateIntermediateTOC:
  XslTransform (v2015.10.10.0)
  Copyright c 2006-2015, Microsoft Corporation, All Rights Reserved.
  Portions Copyright c 2006-2015, Eric Woodruff, All Rights Reserved.
  Applying XSL transformation &#39;C:\Program Files\EWSoftware\Sandcastle Help File Builder\\ProductionTransforms\CreateVSToc.xsl&#39;.
Done Building Project &quot;C:\Users\Fred Ekstrand\Documents\Github\fredekstrand.github.io\Working\GenerateIntermediateTOC.proj&quot; (default targets).

Build succeeded.

Time Elapsed 00:00:00.28
Generating conceptual content intermediate TOC file...
    Last step completed in 00:00:00.5469
</buildStep>
<buildStep step="CreateBuildAssemblerConfigs">
Creating Sandcastle configuration files...
    sandcastle.config
    Last step completed in 00:00:00.7031
</buildStep>
<buildStep step="MergeCustomConfigs">
Merging custom build component configurations
C:\Users\Fred Ekstrand\Documents\Github\fredekstrand.github.io\Working\sandcastle.config
    Replaced configuration for &#39;Copy From Index Component&#39; (instance 3) with configuration for &#39;Comments Index Data (ESENT Cache)&#39;
    Replaced configuration for &#39;Copy From Index Component&#39; (instance 1) with configuration for &#39;Reflection Index Data (ESENT Cache)&#39;
    Replaced configuration for &#39;Resolve Reference Links Component&#39; (instance 1) with configuration for &#39;Resolve Reference Links (ESENT Cache)&#39;
    Replaced configuration for &#39;Resolve Reference Links Component&#39; (instance 1) with configuration for &#39;Resolve Reference Links (ESENT Cache)&#39;
    Replaced configuration for &#39;Resolve Reference Links Component&#39; (instance 1) with configuration for &#39;Resolve Reference Links (ESENT Cache)&#39;
    Added configuration for &#39;IntelliSense Component&#39; after &#39;Show Missing Documentation Component&#39; (instance 1)
    Last step completed in 00:00:00.1875
</buildStep>
<buildStep step="BuildReferenceTopics">
Building reference help topics...
[C:\Windows\Microsoft.NET\Framework\v4.0.30319\MSBuild.exe - BuildReferenceTopics.proj]
Build started 5/29/2016 9:19:13 AM.
Project &quot;C:\Users\Fred Ekstrand\Documents\Github\fredekstrand.github.io\Working\BuildReferenceTopics.proj&quot; on node 1 (default targets).
BuildReferenceTopics:
  BuildAssembler (v2015.10.10.0)
  Copyright c 2006-2015, Microsoft Corporation, All Rights Reserved.
  Portions Copyright c 2006-2015, Eric Woodruff, All Rights Reserved.
  Loading configuration...
  Processing topics...
  Processed 367 topic(s)
  ESentCopyFromIndexComponent: &quot;reflection&quot; highest ESENT local cache flush count: 0.  Highest ESENT current local cache usage: 13 of 2500.
  ESentCopyFromIndexComponent: &quot;reflection&quot; in-memory cache entries used: 1 of 15.
  ESentCopyFromIndexComponent: &quot;comments&quot; highest ESENT local cache flush count: 0.  Highest ESENT current local cache usage: 19 of 2500.
  ESentCopyFromIndexComponent: &quot;comments&quot; in-memory cache entries used: 1 of 30.
  ESentResolveReferenceLinksComponent: MSDN content ID ESENT local cache flushed 0 time(s).  Current ESENT local cache usage: 37 of 2500.
  ESentResolveReferenceLinksComponent: &quot;FrameworkTargets&quot; ESENT local cache flushed 0 time(s).  Current ESENT local cache usage: 43 of 2500.
Done Building Project &quot;C:\Users\Fred Ekstrand\Documents\Github\fredekstrand.github.io\Working\BuildReferenceTopics.proj&quot; (default targets).

Build succeeded.

Time Elapsed 00:00:15.43
    Last step completed in 00:00:15.6875
</buildStep>
<buildStep step="CombiningIntermediateTocFiles">
Combining conceptual and API intermediate TOC files...
    Last step completed in 00:00:00.1406
</buildStep>
<buildStep step="ExtractingHtmlInfo">
Extracting HTML info for HTML Help 1 and/or website...
[C:\Windows\Microsoft.NET\Framework\v4.0.30319\MSBuild.exe - ExtractHtmlInfo.proj]
Sandcastle Help File Builder and Tools, version 2015.10.10.0
Copyright c 2006-2015, Eric Woodruff, All Rights Reserved
E-Mail: Eric@EWoodruff.us

Using LCID &#39;1033&#39;, code page &#39;65001&#39;, encoding charset &#39;UTF-8&#39;.

Processing website files in C:\Users\Fred Ekstrand\Documents\Github\fredekstrand.github.io\Working\Output\Website
Processed 367 HTML files
Sorting keywords and generating See Also indices
Saving website keyword index to C:\Users\Fred Ekstrand\Documents\Github\fredekstrand.github.io\Working\WebKI.xml
Saving website table of contents to C:\Users\Fred Ekstrand\Documents\Github\fredekstrand.github.io\Working\WebTOC.xml
    Last step completed in 00:00:02.0156
</buildStep>
<buildStep step="CopyStandardHelpContent">
Copying standard help content...
C:\ProgramData\EWSoftware\Sandcastle Help File Builder\Components and Plug-Ins\VS2015\icons\AlertCaution.png -&gt; C:\Users\Fred Ekstrand\Documents\Github\fredekstrand.github.io\Working\Output\Website\icons\AlertCaution.png
C:\ProgramData\EWSoftware\Sandcastle Help File Builder\Components and Plug-Ins\VS2015\icons\AlertNote.png -&gt; C:\Users\Fred Ekstrand\Documents\Github\fredekstrand.github.io\Working\Output\Website\icons\AlertNote.png
C:\ProgramData\EWSoftware\Sandcastle Help File Builder\Components and Plug-Ins\VS2015\icons\AlertSecurity.png -&gt; C:\Users\Fred Ekstrand\Documents\Github\fredekstrand.github.io\Working\Output\Website\icons\AlertSecurity.png
C:\ProgramData\EWSoftware\Sandcastle Help File Builder\Components and Plug-Ins\VS2015\icons\CFW.gif -&gt; C:\Users\Fred Ekstrand\Documents\Github\fredekstrand.github.io\Working\Output\Website\icons\CFW.gif
C:\ProgramData\EWSoftware\Sandcastle Help File Builder\Components and Plug-Ins\VS2015\icons\CodeExample.gif -&gt; C:\Users\Fred Ekstrand\Documents\Github\fredekstrand.github.io\Working\Output\Website\icons\CodeExample.gif
C:\ProgramData\EWSoftware\Sandcastle Help File Builder\Components and Plug-Ins\VS2015\icons\ExtendProperty_16x.gif -&gt; C:\Users\Fred Ekstrand\Documents\Github\fredekstrand.github.io\Working\Output\Website\icons\ExtendProperty_16x.gif
C:\ProgramData\EWSoftware\Sandcastle Help File Builder\Components and Plug-Ins\VS2015\icons\favicon.ico -&gt; C:\Users\Fred Ekstrand\Documents\Github\fredekstrand.github.io\Working\Output\Website\icons\favicon.ico
C:\ProgramData\EWSoftware\Sandcastle Help File Builder\Components and Plug-Ins\VS2015\icons\frieconstant.gif -&gt; C:\Users\Fred Ekstrand\Documents\Github\fredekstrand.github.io\Working\Output\Website\icons\frieconstant.gif
C:\ProgramData\EWSoftware\Sandcastle Help File Builder\Components and Plug-Ins\VS2015\icons\frieevent.gif -&gt; C:\Users\Fred Ekstrand\Documents\Github\fredekstrand.github.io\Working\Output\Website\icons\frieevent.gif
C:\ProgramData\EWSoftware\Sandcastle Help File Builder\Components and Plug-Ins\VS2015\icons\friefield.gif -&gt; C:\Users\Fred Ekstrand\Documents\Github\fredekstrand.github.io\Working\Output\Website\icons\friefield.gif
C:\ProgramData\EWSoftware\Sandcastle Help File Builder\Components and Plug-Ins\VS2015\icons\frieinterface.gif -&gt; C:\Users\Fred Ekstrand\Documents\Github\fredekstrand.github.io\Working\Output\Website\icons\frieinterface.gif
C:\ProgramData\EWSoftware\Sandcastle Help File Builder\Components and Plug-Ins\VS2015\icons\friemethod.gif -&gt; C:\Users\Fred Ekstrand\Documents\Github\fredekstrand.github.io\Working\Output\Website\icons\friemethod.gif
C:\ProgramData\EWSoftware\Sandcastle Help File Builder\Components and Plug-Ins\VS2015\icons\friendelegate.gif -&gt; C:\Users\Fred Ekstrand\Documents\Github\fredekstrand.github.io\Working\Output\Website\icons\friendelegate.gif
C:\ProgramData\EWSoftware\Sandcastle Help File Builder\Components and Plug-Ins\VS2015\icons\frienumeration.gif -&gt; C:\Users\Fred Ekstrand\Documents\Github\fredekstrand.github.io\Working\Output\Website\icons\frienumeration.gif
C:\ProgramData\EWSoftware\Sandcastle Help File Builder\Components and Plug-Ins\VS2015\icons\frieoperator.gif -&gt; C:\Users\Fred Ekstrand\Documents\Github\fredekstrand.github.io\Working\Output\Website\icons\frieoperator.gif
C:\ProgramData\EWSoftware\Sandcastle Help File Builder\Components and Plug-Ins\VS2015\icons\frieproperty.gif -&gt; C:\Users\Fred Ekstrand\Documents\Github\fredekstrand.github.io\Working\Output\Website\icons\frieproperty.gif
C:\ProgramData\EWSoftware\Sandcastle Help File Builder\Components and Plug-Ins\VS2015\icons\friepubenumeration.gif -&gt; C:\Users\Fred Ekstrand\Documents\Github\fredekstrand.github.io\Working\Output\Website\icons\friepubenumeration.gif
C:\ProgramData\EWSoftware\Sandcastle Help File Builder\Components and Plug-Ins\VS2015\icons\friestructure.gif -&gt; C:\Users\Fred Ekstrand\Documents\Github\fredekstrand.github.io\Working\Output\Website\icons\friestructure.gif
C:\ProgramData\EWSoftware\Sandcastle Help File Builder\Components and Plug-Ins\VS2015\icons\privclass.gif -&gt; C:\Users\Fred Ekstrand\Documents\Github\fredekstrand.github.io\Working\Output\Website\icons\privclass.gif
C:\ProgramData\EWSoftware\Sandcastle Help File Builder\Components and Plug-Ins\VS2015\icons\privconstant.gif -&gt; C:\Users\Fred Ekstrand\Documents\Github\fredekstrand.github.io\Working\Output\Website\icons\privconstant.gif
C:\ProgramData\EWSoftware\Sandcastle Help File Builder\Components and Plug-Ins\VS2015\icons\privdelegate.gif -&gt; C:\Users\Fred Ekstrand\Documents\Github\fredekstrand.github.io\Working\Output\Website\icons\privdelegate.gif
C:\ProgramData\EWSoftware\Sandcastle Help File Builder\Components and Plug-Ins\VS2015\icons\privenumeration.gif -&gt; C:\Users\Fred Ekstrand\Documents\Github\fredekstrand.github.io\Working\Output\Website\icons\privenumeration.gif
C:\ProgramData\EWSoftware\Sandcastle Help File Builder\Components and Plug-Ins\VS2015\icons\privevent.gif -&gt; C:\Users\Fred Ekstrand\Documents\Github\fredekstrand.github.io\Working\Output\Website\icons\privevent.gif
C:\ProgramData\EWSoftware\Sandcastle Help File Builder\Components and Plug-Ins\VS2015\icons\privfield.gif -&gt; C:\Users\Fred Ekstrand\Documents\Github\fredekstrand.github.io\Working\Output\Website\icons\privfield.gif
C:\ProgramData\EWSoftware\Sandcastle Help File Builder\Components and Plug-Ins\VS2015\icons\privinterface.gif -&gt; C:\Users\Fred Ekstrand\Documents\Github\fredekstrand.github.io\Working\Output\Website\icons\privinterface.gif
C:\ProgramData\EWSoftware\Sandcastle Help File Builder\Components and Plug-Ins\VS2015\icons\privmethod.gif -&gt; C:\Users\Fred Ekstrand\Documents\Github\fredekstrand.github.io\Working\Output\Website\icons\privmethod.gif
C:\ProgramData\EWSoftware\Sandcastle Help File Builder\Components and Plug-Ins\VS2015\icons\privoperator.gif -&gt; C:\Users\Fred Ekstrand\Documents\Github\fredekstrand.github.io\Working\Output\Website\icons\privoperator.gif
C:\ProgramData\EWSoftware\Sandcastle Help File Builder\Components and Plug-Ins\VS2015\icons\privproperty.gif -&gt; C:\Users\Fred Ekstrand\Documents\Github\fredekstrand.github.io\Working\Output\Website\icons\privproperty.gif
C:\ProgramData\EWSoftware\Sandcastle Help File Builder\Components and Plug-Ins\VS2015\icons\privstructure.gif -&gt; C:\Users\Fred Ekstrand\Documents\Github\fredekstrand.github.io\Working\Output\Website\icons\privstructure.gif
C:\ProgramData\EWSoftware\Sandcastle Help File Builder\Components and Plug-Ins\VS2015\icons\PropertyFriend_16x.gif -&gt; C:\Users\Fred Ekstrand\Documents\Github\fredekstrand.github.io\Working\Output\Website\icons\PropertyFriend_16x.gif
C:\ProgramData\EWSoftware\Sandcastle Help File Builder\Components and Plug-Ins\VS2015\icons\PropertySealed_16x.gif -&gt; C:\Users\Fred Ekstrand\Documents\Github\fredekstrand.github.io\Working\Output\Website\icons\PropertySealed_16x.gif
C:\ProgramData\EWSoftware\Sandcastle Help File Builder\Components and Plug-Ins\VS2015\icons\protclass.gif -&gt; C:\Users\Fred Ekstrand\Documents\Github\fredekstrand.github.io\Working\Output\Website\icons\protclass.gif
C:\ProgramData\EWSoftware\Sandcastle Help File Builder\Components and Plug-Ins\VS2015\icons\protconstant.gif -&gt; C:\Users\Fred Ekstrand\Documents\Github\fredekstrand.github.io\Working\Output\Website\icons\protconstant.gif
C:\ProgramData\EWSoftware\Sandcastle Help File Builder\Components and Plug-Ins\VS2015\icons\protdelegate.gif -&gt; C:\Users\Fred Ekstrand\Documents\Github\fredekstrand.github.io\Working\Output\Website\icons\protdelegate.gif
C:\ProgramData\EWSoftware\Sandcastle Help File Builder\Components and Plug-Ins\VS2015\icons\protenumeration.gif -&gt; C:\Users\Fred Ekstrand\Documents\Github\fredekstrand.github.io\Working\Output\Website\icons\protenumeration.gif
C:\ProgramData\EWSoftware\Sandcastle Help File Builder\Components and Plug-Ins\VS2015\icons\protevent.gif -&gt; C:\Users\Fred Ekstrand\Documents\Github\fredekstrand.github.io\Working\Output\Website\icons\protevent.gif
C:\ProgramData\EWSoftware\Sandcastle Help File Builder\Components and Plug-Ins\VS2015\icons\protextension.gif -&gt; C:\Users\Fred Ekstrand\Documents\Github\fredekstrand.github.io\Working\Output\Website\icons\protextension.gif
C:\ProgramData\EWSoftware\Sandcastle Help File Builder\Components and Plug-Ins\VS2015\icons\protfield.gif -&gt; C:\Users\Fred Ekstrand\Documents\Github\fredekstrand.github.io\Working\Output\Website\icons\protfield.gif
C:\ProgramData\EWSoftware\Sandcastle Help File Builder\Components and Plug-Ins\VS2015\icons\protinterface.gif -&gt; C:\Users\Fred Ekstrand\Documents\Github\fredekstrand.github.io\Working\Output\Website\icons\protinterface.gif
C:\ProgramData\EWSoftware\Sandcastle Help File Builder\Components and Plug-Ins\VS2015\icons\protmethod.gif -&gt; C:\Users\Fred Ekstrand\Documents\Github\fredekstrand.github.io\Working\Output\Website\icons\protmethod.gif
C:\ProgramData\EWSoftware\Sandcastle Help File Builder\Components and Plug-Ins\VS2015\icons\protoperator.gif -&gt; C:\Users\Fred Ekstrand\Documents\Github\fredekstrand.github.io\Working\Output\Website\icons\protoperator.gif
C:\ProgramData\EWSoftware\Sandcastle Help File Builder\Components and Plug-Ins\VS2015\icons\protproperty.gif -&gt; C:\Users\Fred Ekstrand\Documents\Github\fredekstrand.github.io\Working\Output\Website\icons\protproperty.gif
C:\ProgramData\EWSoftware\Sandcastle Help File Builder\Components and Plug-Ins\VS2015\icons\protstructure.gif -&gt; C:\Users\Fred Ekstrand\Documents\Github\fredekstrand.github.io\Working\Output\Website\icons\protstructure.gif
C:\ProgramData\EWSoftware\Sandcastle Help File Builder\Components and Plug-Ins\VS2015\icons\ProvidedInterface_16x.gif -&gt; C:\Users\Fred Ekstrand\Documents\Github\fredekstrand.github.io\Working\Output\Website\icons\ProvidedInterface_16x.gif
C:\ProgramData\EWSoftware\Sandcastle Help File Builder\Components and Plug-Ins\VS2015\icons\pubclass.gif -&gt; C:\Users\Fred Ekstrand\Documents\Github\fredekstrand.github.io\Working\Output\Website\icons\pubclass.gif
C:\ProgramData\EWSoftware\Sandcastle Help File Builder\Components and Plug-Ins\VS2015\icons\pubconstant.gif -&gt; C:\Users\Fred Ekstrand\Documents\Github\fredekstrand.github.io\Working\Output\Website\icons\pubconstant.gif
C:\ProgramData\EWSoftware\Sandcastle Help File Builder\Components and Plug-Ins\VS2015\icons\pubdelegate.gif -&gt; C:\Users\Fred Ekstrand\Documents\Github\fredekstrand.github.io\Working\Output\Website\icons\pubdelegate.gif
C:\ProgramData\EWSoftware\Sandcastle Help File Builder\Components and Plug-Ins\VS2015\icons\pubenumeration.gif -&gt; C:\Users\Fred Ekstrand\Documents\Github\fredekstrand.github.io\Working\Output\Website\icons\pubenumeration.gif
C:\ProgramData\EWSoftware\Sandcastle Help File Builder\Components and Plug-Ins\VS2015\icons\pubevent.gif -&gt; C:\Users\Fred Ekstrand\Documents\Github\fredekstrand.github.io\Working\Output\Website\icons\pubevent.gif
C:\ProgramData\EWSoftware\Sandcastle Help File Builder\Components and Plug-Ins\VS2015\icons\pubextension.gif -&gt; C:\Users\Fred Ekstrand\Documents\Github\fredekstrand.github.io\Working\Output\Website\icons\pubextension.gif
C:\ProgramData\EWSoftware\Sandcastle Help File Builder\Components and Plug-Ins\VS2015\icons\pubfield.gif -&gt; C:\Users\Fred Ekstrand\Documents\Github\fredekstrand.github.io\Working\Output\Website\icons\pubfield.gif
C:\ProgramData\EWSoftware\Sandcastle Help File Builder\Components and Plug-Ins\VS2015\icons\pubinterface.gif -&gt; C:\Users\Fred Ekstrand\Documents\Github\fredekstrand.github.io\Working\Output\Website\icons\pubinterface.gif
C:\ProgramData\EWSoftware\Sandcastle Help File Builder\Components and Plug-Ins\VS2015\icons\pubmethod.gif -&gt; C:\Users\Fred Ekstrand\Documents\Github\fredekstrand.github.io\Working\Output\Website\icons\pubmethod.gif
C:\ProgramData\EWSoftware\Sandcastle Help File Builder\Components and Plug-Ins\VS2015\icons\puboperator.gif -&gt; C:\Users\Fred Ekstrand\Documents\Github\fredekstrand.github.io\Working\Output\Website\icons\puboperator.gif
C:\ProgramData\EWSoftware\Sandcastle Help File Builder\Components and Plug-Ins\VS2015\icons\pubproperty.gif -&gt; C:\Users\Fred Ekstrand\Documents\Github\fredekstrand.github.io\Working\Output\Website\icons\pubproperty.gif
C:\ProgramData\EWSoftware\Sandcastle Help File Builder\Components and Plug-Ins\VS2015\icons\pubstructure.gif -&gt; C:\Users\Fred Ekstrand\Documents\Github\fredekstrand.github.io\Working\Output\Website\icons\pubstructure.gif
C:\ProgramData\EWSoftware\Sandcastle Help File Builder\Components and Plug-Ins\VS2015\icons\seaconstant.gif -&gt; C:\Users\Fred Ekstrand\Documents\Github\fredekstrand.github.io\Working\Output\Website\icons\seaconstant.gif
C:\ProgramData\EWSoftware\Sandcastle Help File Builder\Components and Plug-Ins\VS2015\icons\sealclass.gif -&gt; C:\Users\Fred Ekstrand\Documents\Github\fredekstrand.github.io\Working\Output\Website\icons\sealclass.gif
C:\ProgramData\EWSoftware\Sandcastle Help File Builder\Components and Plug-Ins\VS2015\icons\sealdelegate.gif -&gt; C:\Users\Fred Ekstrand\Documents\Github\fredekstrand.github.io\Working\Output\Website\icons\sealdelegate.gif
C:\ProgramData\EWSoftware\Sandcastle Help File Builder\Components and Plug-Ins\VS2015\icons\sealenumeration.gif -&gt; C:\Users\Fred Ekstrand\Documents\Github\fredekstrand.github.io\Working\Output\Website\icons\sealenumeration.gif
C:\ProgramData\EWSoftware\Sandcastle Help File Builder\Components and Plug-Ins\VS2015\icons\sealevent.gif -&gt; C:\Users\Fred Ekstrand\Documents\Github\fredekstrand.github.io\Working\Output\Website\icons\sealevent.gif
C:\ProgramData\EWSoftware\Sandcastle Help File Builder\Components and Plug-Ins\VS2015\icons\sealfield.gif -&gt; C:\Users\Fred Ekstrand\Documents\Github\fredekstrand.github.io\Working\Output\Website\icons\sealfield.gif
C:\ProgramData\EWSoftware\Sandcastle Help File Builder\Components and Plug-Ins\VS2015\icons\sealinterface.gif -&gt; C:\Users\Fred Ekstrand\Documents\Github\fredekstrand.github.io\Working\Output\Website\icons\sealinterface.gif
C:\ProgramData\EWSoftware\Sandcastle Help File Builder\Components and Plug-Ins\VS2015\icons\sealmethod.gif -&gt; C:\Users\Fred Ekstrand\Documents\Github\fredekstrand.github.io\Working\Output\Website\icons\sealmethod.gif
C:\ProgramData\EWSoftware\Sandcastle Help File Builder\Components and Plug-Ins\VS2015\icons\sealoperator.gif -&gt; C:\Users\Fred Ekstrand\Documents\Github\fredekstrand.github.io\Working\Output\Website\icons\sealoperator.gif
C:\ProgramData\EWSoftware\Sandcastle Help File Builder\Components and Plug-Ins\VS2015\icons\sealproperty.gif -&gt; C:\Users\Fred Ekstrand\Documents\Github\fredekstrand.github.io\Working\Output\Website\icons\sealproperty.gif
C:\ProgramData\EWSoftware\Sandcastle Help File Builder\Components and Plug-Ins\VS2015\icons\sealstructure.gif -&gt; C:\Users\Fred Ekstrand\Documents\Github\fredekstrand.github.io\Working\Output\Website\icons\sealstructure.gif
C:\ProgramData\EWSoftware\Sandcastle Help File Builder\Components and Plug-Ins\VS2015\icons\Search.png -&gt; C:\Users\Fred Ekstrand\Documents\Github\fredekstrand.github.io\Working\Output\Website\icons\Search.png
C:\ProgramData\EWSoftware\Sandcastle Help File Builder\Components and Plug-Ins\VS2015\icons\SectionCollapsed.gif -&gt; C:\Users\Fred Ekstrand\Documents\Github\fredekstrand.github.io\Working\Output\Website\icons\SectionCollapsed.gif
C:\ProgramData\EWSoftware\Sandcastle Help File Builder\Components and Plug-Ins\VS2015\icons\SectionCollapsed.png -&gt; C:\Users\Fred Ekstrand\Documents\Github\fredekstrand.github.io\Working\Output\Website\icons\SectionCollapsed.png
C:\ProgramData\EWSoftware\Sandcastle Help File Builder\Components and Plug-Ins\VS2015\icons\SectionExpanded.gif -&gt; C:\Users\Fred Ekstrand\Documents\Github\fredekstrand.github.io\Working\Output\Website\icons\SectionExpanded.gif
C:\ProgramData\EWSoftware\Sandcastle Help File Builder\Components and Plug-Ins\VS2015\icons\SectionExpanded.png -&gt; C:\Users\Fred Ekstrand\Documents\Github\fredekstrand.github.io\Working\Output\Website\icons\SectionExpanded.png
C:\ProgramData\EWSoftware\Sandcastle Help File Builder\Components and Plug-Ins\VS2015\icons\slMobile.gif -&gt; C:\Users\Fred Ekstrand\Documents\Github\fredekstrand.github.io\Working\Output\Website\icons\slMobile.gif
C:\ProgramData\EWSoftware\Sandcastle Help File Builder\Components and Plug-Ins\VS2015\icons\static.gif -&gt; C:\Users\Fred Ekstrand\Documents\Github\fredekstrand.github.io\Working\Output\Website\icons\static.gif
C:\ProgramData\EWSoftware\Sandcastle Help File Builder\Components and Plug-Ins\VS2015\icons\Thumbs.db -&gt; C:\Users\Fred Ekstrand\Documents\Github\fredekstrand.github.io\Working\Output\Website\icons\Thumbs.db
C:\ProgramData\EWSoftware\Sandcastle Help File Builder\Components and Plug-Ins\VS2015\icons\TocClose.gif -&gt; C:\Users\Fred Ekstrand\Documents\Github\fredekstrand.github.io\Working\Output\Website\icons\TocClose.gif
C:\ProgramData\EWSoftware\Sandcastle Help File Builder\Components and Plug-Ins\VS2015\icons\TocCollapsed.gif -&gt; C:\Users\Fred Ekstrand\Documents\Github\fredekstrand.github.io\Working\Output\Website\icons\TocCollapsed.gif
C:\ProgramData\EWSoftware\Sandcastle Help File Builder\Components and Plug-Ins\VS2015\icons\TocExpanded.gif -&gt; C:\Users\Fred Ekstrand\Documents\Github\fredekstrand.github.io\Working\Output\Website\icons\TocExpanded.gif
C:\ProgramData\EWSoftware\Sandcastle Help File Builder\Components and Plug-Ins\VS2015\icons\TocOpen.gif -&gt; C:\Users\Fred Ekstrand\Documents\Github\fredekstrand.github.io\Working\Output\Website\icons\TocOpen.gif
C:\ProgramData\EWSoftware\Sandcastle Help File Builder\Components and Plug-Ins\VS2015\icons\xna.gif -&gt; C:\Users\Fred Ekstrand\Documents\Github\fredekstrand.github.io\Working\Output\Website\icons\xna.gif
C:\ProgramData\EWSoftware\Sandcastle Help File Builder\Components and Plug-Ins\VS2015\scripts\branding.js -&gt; C:\Users\Fred Ekstrand\Documents\Github\fredekstrand.github.io\Working\Output\Website\scripts\branding.js
C:\ProgramData\EWSoftware\Sandcastle Help File Builder\Components and Plug-Ins\VS2015\styles\branding-cs-CZ.css -&gt; C:\Users\Fred Ekstrand\Documents\Github\fredekstrand.github.io\Working\Output\Website\styles\branding-cs-CZ.css
C:\ProgramData\EWSoftware\Sandcastle Help File Builder\Components and Plug-Ins\VS2015\styles\branding-de-DE.css -&gt; C:\Users\Fred Ekstrand\Documents\Github\fredekstrand.github.io\Working\Output\Website\styles\branding-de-DE.css
C:\ProgramData\EWSoftware\Sandcastle Help File Builder\Components and Plug-Ins\VS2015\styles\branding-en-US.css -&gt; C:\Users\Fred Ekstrand\Documents\Github\fredekstrand.github.io\Working\Output\Website\styles\branding-en-US.css
C:\ProgramData\EWSoftware\Sandcastle Help File Builder\Components and Plug-Ins\VS2015\styles\branding-es-ES.css -&gt; C:\Users\Fred Ekstrand\Documents\Github\fredekstrand.github.io\Working\Output\Website\styles\branding-es-ES.css
C:\ProgramData\EWSoftware\Sandcastle Help File Builder\Components and Plug-Ins\VS2015\styles\branding-fr-FR.css -&gt; C:\Users\Fred Ekstrand\Documents\Github\fredekstrand.github.io\Working\Output\Website\styles\branding-fr-FR.css
C:\ProgramData\EWSoftware\Sandcastle Help File Builder\Components and Plug-Ins\VS2015\styles\branding-Help1.css -&gt; C:\Users\Fred Ekstrand\Documents\Github\fredekstrand.github.io\Working\Output\Website\styles\branding-Help1.css
C:\ProgramData\EWSoftware\Sandcastle Help File Builder\Components and Plug-Ins\VS2015\styles\branding-HelpViewer.css -&gt; C:\Users\Fred Ekstrand\Documents\Github\fredekstrand.github.io\Working\Output\Website\styles\branding-HelpViewer.css
C:\ProgramData\EWSoftware\Sandcastle Help File Builder\Components and Plug-Ins\VS2015\styles\branding-it-IT.css -&gt; C:\Users\Fred Ekstrand\Documents\Github\fredekstrand.github.io\Working\Output\Website\styles\branding-it-IT.css
C:\ProgramData\EWSoftware\Sandcastle Help File Builder\Components and Plug-Ins\VS2015\styles\branding-ja-JP.css -&gt; C:\Users\Fred Ekstrand\Documents\Github\fredekstrand.github.io\Working\Output\Website\styles\branding-ja-JP.css
C:\ProgramData\EWSoftware\Sandcastle Help File Builder\Components and Plug-Ins\VS2015\styles\branding-ko-KR.css -&gt; C:\Users\Fred Ekstrand\Documents\Github\fredekstrand.github.io\Working\Output\Website\styles\branding-ko-KR.css
C:\ProgramData\EWSoftware\Sandcastle Help File Builder\Components and Plug-Ins\VS2015\styles\branding-pl-PL.css -&gt; C:\Users\Fred Ekstrand\Documents\Github\fredekstrand.github.io\Working\Output\Website\styles\branding-pl-PL.css
C:\ProgramData\EWSoftware\Sandcastle Help File Builder\Components and Plug-Ins\VS2015\styles\branding-pt-BR.css -&gt; C:\Users\Fred Ekstrand\Documents\Github\fredekstrand.github.io\Working\Output\Website\styles\branding-pt-BR.css
C:\ProgramData\EWSoftware\Sandcastle Help File Builder\Components and Plug-Ins\VS2015\styles\branding-ru-RU.css -&gt; C:\Users\Fred Ekstrand\Documents\Github\fredekstrand.github.io\Working\Output\Website\styles\branding-ru-RU.css
C:\ProgramData\EWSoftware\Sandcastle Help File Builder\Components and Plug-Ins\VS2015\styles\branding-tr-TR.css -&gt; C:\Users\Fred Ekstrand\Documents\Github\fredekstrand.github.io\Working\Output\Website\styles\branding-tr-TR.css
C:\ProgramData\EWSoftware\Sandcastle Help File Builder\Components and Plug-Ins\VS2015\styles\branding-Website.css -&gt; C:\Users\Fred Ekstrand\Documents\Github\fredekstrand.github.io\Working\Output\Website\styles\branding-Website.css
C:\ProgramData\EWSoftware\Sandcastle Help File Builder\Components and Plug-Ins\VS2015\styles\branding-zh-CN.css -&gt; C:\Users\Fred Ekstrand\Documents\Github\fredekstrand.github.io\Working\Output\Website\styles\branding-zh-CN.css
C:\ProgramData\EWSoftware\Sandcastle Help File Builder\Components and Plug-Ins\VS2015\styles\branding-zh-TW.css -&gt; C:\Users\Fred Ekstrand\Documents\Github\fredekstrand.github.io\Working\Output\Website\styles\branding-zh-TW.css
C:\ProgramData\EWSoftware\Sandcastle Help File Builder\Components and Plug-Ins\VS2015\styles\branding.css -&gt; C:\Users\Fred Ekstrand\Documents\Github\fredekstrand.github.io\Working\Output\Website\styles\branding.css
C:\ProgramData\EWSoftware\Sandcastle Help File Builder\Components and Plug-Ins\VS2015\Web\index.html -&gt; C:\Users\Fred Ekstrand\Documents\Github\fredekstrand.github.io\Working\Output\Website\index.html
C:\ProgramData\EWSoftware\Sandcastle Help File Builder\Components and Plug-Ins\VS2015\Web\search.html -&gt; C:\Users\Fred Ekstrand\Documents\Github\fredekstrand.github.io\Working\Output\Website\search.html
C:\ProgramData\EWSoftware\Sandcastle Help File Builder\Components and Plug-Ins\VS2015\Web\SearchHelp.aspx -&gt; C:\Users\Fred Ekstrand\Documents\Github\fredekstrand.github.io\Working\Output\Website\SearchHelp.aspx
C:\ProgramData\EWSoftware\Sandcastle Help File Builder\Components and Plug-Ins\VS2015\Web\SearchHelp.inc.php -&gt; C:\Users\Fred Ekstrand\Documents\Github\fredekstrand.github.io\Working\Output\Website\SearchHelp.inc.php
C:\ProgramData\EWSoftware\Sandcastle Help File Builder\Components and Plug-Ins\VS2015\Web\SearchHelp.php -&gt; C:\Users\Fred Ekstrand\Documents\Github\fredekstrand.github.io\Working\Output\Website\SearchHelp.php
C:\ProgramData\EWSoftware\Sandcastle Help File Builder\Components and Plug-Ins\VS2015\Web\Web.Config -&gt; C:\Users\Fred Ekstrand\Documents\Github\fredekstrand.github.io\Working\Output\Website\Web.Config
C:\ProgramData\EWSoftware\Sandcastle Help File Builder\Components and Plug-Ins\VS2015\Web\scripts\branding-Website.js -&gt; C:\Users\Fred Ekstrand\Documents\Github\fredekstrand.github.io\Working\Output\Website\scripts\branding-Website.js
C:\ProgramData\EWSoftware\Sandcastle Help File Builder\Components and Plug-Ins\VS2015\Web\scripts\jquery-1.11.0.min.js -&gt; C:\Users\Fred Ekstrand\Documents\Github\fredekstrand.github.io\Working\Output\Website\scripts\jquery-1.11.0.min.js
    Last step completed in 00:00:01.3125
</buildStep>
<buildStep step="GenerateHelpFormatTableOfContents">
Generating website table of contents file...
    Last step completed in 00:00:00.0000
</buildStep>
<buildStep step="GenerateFullTextIndex">
Generating full-text index for the website...

<plugIn name="Lightweight Website Style" behavior="After" priority="1000">
Adding lightweight search and TOC elements to each topic...
</plugIn>    Last step completed in 00:00:02.9531
</buildStep>
<buildStep step="CopyingWebsiteFiles">
Copying website files to output folder...

Copied 500 files
Copied 593 files for the website content
    Last step completed in 00:00:02.2813
</buildStep>
<buildStep step="CleanIntermediates">
Removing intermediate files...
    Last step completed in 00:00:00.4844
</buildStep>
<buildStep step="Completed">

Build completed successfully at 5/29/2016 9:19:38 AM.  Total time: 00:00:38.3594

</buildStep>
</shfbBuild>
