<?xml version="1.0" encoding="utf-8"?>
<shfbBuild product="Sandcastle Help File Builder and Tools" version="2019.4.7.0" projectFile="C:\SoftwareArtifacts\StringOperations\StringOperations.shfbproj" started="4/11/2019 10:17:38 PM">
<buildStep step="Initializing">
Finding tools...
The Sandcastle tools are located in &#39;C:\Program Files (x86)\EWSoftware\Sandcastle Help File Builder\&#39;
Locating components in the following folder(s):
    C:\SoftwareArtifacts\StringOperations
    C:\ProgramData\EWSoftware\Sandcastle Help File Builder\Components and Plug-Ins\
    C:\Program Files (x86)\EWSoftware\Sandcastle Help File Builder\
Using framework reflection data for &#39;.NET Framework 4.0&#39; located in &#39;C:\Program Files (x86)\EWSoftware\Sandcastle Help File Builder\Data\.NETFramework&#39;
Using presentation style &#39;VS2015IconSetPresentation_v2019_4_7_0&#39; located in &#39;C:\Program Files (x86)\EWSoftware\Sandcastle Help File Builder\PresentationStyles\VS2015IconSetPresentation_v2019_4_7_0&#39;
Loading and initializing plug-ins...
Lightweight Website Style Version 2019.4.7.0
Copyright &#169; 2006-2019, Eric Woodruff, All Rights Reserved
Portions Copyright &#169; 2014, Sam Harwell, All Rights Reserved
-------------------------------
Clearing any prior web/markdown output...
</buildStep>
<buildStep step="ValidatingDocumentationSources">
Validating and copying documentation source information
Source: C:\SoftwareProjects\StringOperations\StringOperations\StringOperations.csproj
    Found project &#39;C:\SoftwareProjects\StringOperations\StringOperations\StringOperations.csproj&#39;
Source: C:\SoftwareProjects\StringOperations\StringOperations\bin\Release\StringOperations.XML
Source: C:\SoftwareProjects\StringOperations\StringOperations\bin\Release\StringOperations.dll
    Found assembly &#39;C:\SoftwareProjects\StringOperations\StringOperations\bin\Release\StringOperations.dll&#39;

Parsing project files
    Found assembly &#39;C:\SoftwareProjects\StringOperations\StringOperations\bin\Debug\StringOperations.dll&#39;

References to include (excluding framework assemblies):
    System.Net.Http

Copying XML comments files
    C:\SoftwareProjects\StringOperations\StringOperations\bin\Release\StringOperations.XML -&gt; C:\SoftwareArtifacts\StringOperations\Wrk\StringOperations.XML
</buildStep>
<buildStep step="GenerateSharedContent">
Generating shared content files (en-US, English (United States))...
<plugIn name="Lightweight Website Style" behavior="After" priority="1000">
</plugIn>    Last step completed in 00:00:00.1563
</buildStep>
<buildStep step="GenerateApiFilter">
Generating API filter for MRefBuilder...
    Last step completed in 00:00:00.0000
</buildStep>
<buildStep step="GenerateReflectionInfo">
Generating reflection information...
[C:\Program Files (x86)\MSBuild\14.0\bin\amd64\MSBuild.exe - GenerateRefInfo.proj]
Build started 4/11/2019 10:17:42 PM.
Project &quot;C:\SoftwareArtifacts\StringOperations\Wrk\GenerateRefInfo.proj&quot; on node 1 (default targets).
PrepareForBuild:
  Creating directory &quot;obj\Debug\&quot;.
C:\Program Files (x86)\MSBuild\14.0\bin\amd64\Microsoft.Common.CurrentVersion.targets(1819,5): warning MSB3267: The primary reference &quot;System.Net.Http&quot;, which is a framework assembly, could not be resolved in the currently targeted framework. &quot;.NETFramework,Version=v4.0&quot;. To resolve this problem, either remove the reference &quot;System.Net.Http&quot; or retarget your application to a framework version which contains &quot;System.Net.Http&quot;. [C:\SoftwareArtifacts\StringOperations\Wrk\GenerateRefInfo.proj]
GenerateRefInfo:
  MRefBuilder (v2019.4.7.0)
  Copyright c 2006-2019, Microsoft Corporation, All Rights Reserved.
  Portions Copyright c 2006-2019, Eric Woodruff, All Rights Reserved.
  No source code context base path specified.  Source context information is unavailable.
  Loaded 2 assemblies for reflection and 1 dependency assemblies.
  Wrote information on 1 namespaces, 3 types, and 16 members
  Copying file from &quot;reflection.org&quot; to &quot;reflection.all&quot;.
  XslTransform (v2019.4.7.0)
  Copyright c 2006-2019, Microsoft Corporation, All Rights Reserved.
  Portions Copyright c 2006-2019, Eric Woodruff, All Rights Reserved.
  Applying XSL transformation &#39;C:\Program Files (x86)\EWSoftware\Sandcastle Help File Builder\ProductionTransforms\MergeDuplicates.xsl&#39;.
Done Building Project &quot;C:\SoftwareArtifacts\StringOperations\Wrk\GenerateRefInfo.proj&quot; (default targets).

Build succeeded.

Time Elapsed 00:00:07.04
    Last step completed in 00:00:07.5153
</buildStep>
<buildStep step="TransformReflectionInfo">
Transforming reflection output...
[C:\Program Files (x86)\MSBuild\14.0\bin\amd64\MSBuild.exe - TransformManifest.proj]
Build started 4/11/2019 10:17:49 PM.
Project &quot;C:\SoftwareArtifacts\StringOperations\Wrk\TransformManifest.proj&quot; on node 1 (default targets).
TransformManifest:
  XslTransform (v2019.4.7.0)
  Copyright c 2006-2019, Microsoft Corporation, All Rights Reserved.
  Portions Copyright c 2006-2019, Eric Woodruff, All Rights Reserved.
  Applying XSL transformation &#39;C:\Program Files (x86)\EWSoftware\Sandcastle Help File Builder\\ProductionTransforms\ApplyVSDocModel.xsl&#39;.
  Copying file from &quot;reflection.xml&quot; to &quot;reflection.nofilenames&quot;.
  XslTransform (v2019.4.7.0)
  Copyright c 2006-2019, Microsoft Corporation, All Rights Reserved.
  Portions Copyright c 2006-2019, Eric Woodruff, All Rights Reserved.
  Applying XSL transformation &#39;C:\Program Files (x86)\EWSoftware\Sandcastle Help File Builder\ProductionTransforms\AddFilenames.xsl&#39;.
    Unique name M_Ekstrand_Text_StringOperations_Replace_1 generated for M:Ekstrand.Text.StringOperations.Replace(System.String,System.Char[],System.Char[])
  XslTransform (v2019.4.7.0)
  Copyright c 2006-2019, Microsoft Corporation, All Rights Reserved.
  Portions Copyright c 2006-2019, Eric Woodruff, All Rights Reserved.
  Applying XSL transformation &#39;C:\Program Files (x86)\EWSoftware\Sandcastle Help File Builder\ProductionTransforms\ReflectionToManifest.xsl&#39;.
Done Building Project &quot;C:\SoftwareArtifacts\StringOperations\Wrk\TransformManifest.proj&quot; (default targets).

Build succeeded.

Time Elapsed 00:00:02.89
    Last step completed in 00:00:03.1250
</buildStep>
<buildStep step="GenerateNamespaceSummaries">
Generating namespace summary information...
    Last step completed in 00:00:00.0000
</buildStep>
<buildStep step="CopyAdditionalContent">
Copying additional content files...
No additional content to copy
    Last step completed in 00:00:00.0000
</buildStep>
<buildStep step="MergeTablesOfContents">
Merging conceptual and additional tables of contents...
    Last step completed in 00:00:00.0000
</buildStep>
<buildStep step="GenerateIntermediateTableOfContents">
Generating intermediate table of contents file...
[C:\Program Files (x86)\MSBuild\14.0\bin\amd64\MSBuild.exe - GenerateIntermediateTOC.proj]
Build started 4/11/2019 10:17:52 PM.
Project &quot;C:\SoftwareArtifacts\StringOperations\Wrk\GenerateIntermediateTOC.proj&quot; on node 1 (default targets).
GenerateIntermediateTOC:
  XslTransform (v2019.4.7.0)
  Copyright c 2006-2019, Microsoft Corporation, All Rights Reserved.
  Portions Copyright c 2006-2019, Eric Woodruff, All Rights Reserved.
  Applying XSL transformation &#39;C:\Program Files (x86)\EWSoftware\Sandcastle Help File Builder\\ProductionTransforms\CreateVSToc.xsl&#39;.
Done Building Project &quot;C:\SoftwareArtifacts\StringOperations\Wrk\GenerateIntermediateTOC.proj&quot; (default targets).

Build succeeded.

Time Elapsed 00:00:00.24
Generating conceptual content intermediate TOC file...
    Last step completed in 00:00:00.4687
</buildStep>
<buildStep step="CreateBuildAssemblerConfigs">
Creating Sandcastle configuration files...
    sandcastle.config
    Last step completed in 00:00:01.0156
</buildStep>
<buildStep step="MergeCustomConfigs">
Merging custom build component configurations
C:\SoftwareArtifacts\StringOperations\Wrk\sandcastle.config
  Updating reference topic configurations.
  No conceptual content.  Removing conceptual content components.
    Last step completed in 00:00:00.0000
</buildStep>
<buildStep step="BuildTopics">
Building help topics...
[C:\Program Files (x86)\MSBuild\14.0\bin\amd64\MSBuild.exe - BuildTopics.proj]
Build started 4/11/2019 10:17:53 PM.
Project &quot;C:\SoftwareArtifacts\StringOperations\Wrk\BuildTopics.proj&quot; on node 1 (default targets).
BuildTopics:
  BuildAssembler (v2019.4.7.0)
  Copyright c 2006-2019, Microsoft Corporation, All Rights Reserved.
  Portions Copyright c 2006-2019, Eric Woodruff, All Rights Reserved.
  Loading configuration...
  Processing topics...
BuildAssembler : warning : ShowMissingComponent: [M:Ekstrand.Text.StringOperations.FirstCharToUppercase(System.String)] Missing &lt;param name=&quot;str&quot;/&gt; documentation [C:\SoftwareArtifacts\StringOperations\Wrk\BuildTopics.proj]
  Processed 16 topic(s)
  1 warning(s)
  CopyFromIndexComponent: &quot;reflection&quot; in-memory cache entries used: 3 of 15.
  CopyFromIndexComponent: &quot;comments&quot; in-memory cache entries used: 1 of 30.
Done Building Project &quot;C:\SoftwareArtifacts\StringOperations\Wrk\BuildTopics.proj&quot; (default targets).

Build succeeded.

Time Elapsed 00:00:36.34
    Last step completed in 00:00:36.6387
</buildStep>
<buildStep step="CombiningIntermediateTocFiles">
Combining conceptual and API intermediate TOC files...
    Last step completed in 00:00:00.0000
</buildStep>
<buildStep step="ExtractingHtmlInfo">
Extracting HTML info for HTML Help 1 and/or website...
[C:\Program Files (x86)\MSBuild\14.0\bin\amd64\MSBuild.exe - ExtractHtmlInfo.proj]
Sandcastle Help File Builder and Tools, version 2019.4.7.0
Copyright c 2006-2019, Eric Woodruff, All Rights Reserved
E-Mail: Eric@EWoodruff.us

Using LCID &#39;1033&#39;, code page &#39;65001&#39;, encoding charset &#39;UTF-8&#39;.

Processing website files in C:\SoftwareArtifacts\StringOperations\Wrk\Output\Website
Processed 16 HTML files
Sorting keywords and generating See Also indices
Saving website keyword index to C:\SoftwareArtifacts\StringOperations\Wrk\WebKI.xml
Saving website table of contents to C:\SoftwareArtifacts\StringOperations\Wrk\WebTOC.xml
    Last step completed in 00:00:04.4842
</buildStep>
<buildStep step="CopyStandardHelpContent">
Copying standard help content...
C:\Program Files (x86)\EWSoftware\Sandcastle Help File Builder\PresentationStyles\VS2015IconSetPresentation_v2019_4_7_0\icons\AlertCaution.png -&gt; C:\SoftwareArtifacts\StringOperations\Wrk\Output\Website\icons\AlertCaution.png
C:\Program Files (x86)\EWSoftware\Sandcastle Help File Builder\PresentationStyles\VS2015IconSetPresentation_v2019_4_7_0\icons\AlertNote.png -&gt; C:\SoftwareArtifacts\StringOperations\Wrk\Output\Website\icons\AlertNote.png
C:\Program Files (x86)\EWSoftware\Sandcastle Help File Builder\PresentationStyles\VS2015IconSetPresentation_v2019_4_7_0\icons\AlertSecurity.png -&gt; C:\SoftwareArtifacts\StringOperations\Wrk\Output\Website\icons\AlertSecurity.png
C:\Program Files (x86)\EWSoftware\Sandcastle Help File Builder\PresentationStyles\VS2015IconSetPresentation_v2019_4_7_0\icons\CFW.gif -&gt; C:\SoftwareArtifacts\StringOperations\Wrk\Output\Website\icons\CFW.gif
C:\Program Files (x86)\EWSoftware\Sandcastle Help File Builder\PresentationStyles\VS2015IconSetPresentation_v2019_4_7_0\icons\CodeExample.gif -&gt; C:\SoftwareArtifacts\StringOperations\Wrk\Output\Website\icons\CodeExample.gif
C:\Program Files (x86)\EWSoftware\Sandcastle Help File Builder\PresentationStyles\VS2015IconSetPresentation_v2019_4_7_0\icons\CodeExample.png -&gt; C:\SoftwareArtifacts\StringOperations\Wrk\Output\Website\icons\CodeExample.png
C:\Program Files (x86)\EWSoftware\Sandcastle Help File Builder\PresentationStyles\VS2015IconSetPresentation_v2019_4_7_0\icons\favicon.ico -&gt; C:\SoftwareArtifacts\StringOperations\Wrk\Output\Website\icons\favicon.ico
C:\Program Files (x86)\EWSoftware\Sandcastle Help File Builder\PresentationStyles\VS2015IconSetPresentation_v2019_4_7_0\icons\privclass.gif -&gt; C:\SoftwareArtifacts\StringOperations\Wrk\Output\Website\icons\privclass.gif
C:\Program Files (x86)\EWSoftware\Sandcastle Help File Builder\PresentationStyles\VS2015IconSetPresentation_v2019_4_7_0\icons\privdelegate.gif -&gt; C:\SoftwareArtifacts\StringOperations\Wrk\Output\Website\icons\privdelegate.gif
C:\Program Files (x86)\EWSoftware\Sandcastle Help File Builder\PresentationStyles\VS2015IconSetPresentation_v2019_4_7_0\icons\privenumeration.gif -&gt; C:\SoftwareArtifacts\StringOperations\Wrk\Output\Website\icons\privenumeration.gif
C:\Program Files (x86)\EWSoftware\Sandcastle Help File Builder\PresentationStyles\VS2015IconSetPresentation_v2019_4_7_0\icons\privevent.gif -&gt; C:\SoftwareArtifacts\StringOperations\Wrk\Output\Website\icons\privevent.gif
C:\Program Files (x86)\EWSoftware\Sandcastle Help File Builder\PresentationStyles\VS2015IconSetPresentation_v2019_4_7_0\icons\privextension.gif -&gt; C:\SoftwareArtifacts\StringOperations\Wrk\Output\Website\icons\privextension.gif
C:\Program Files (x86)\EWSoftware\Sandcastle Help File Builder\PresentationStyles\VS2015IconSetPresentation_v2019_4_7_0\icons\privfield.gif -&gt; C:\SoftwareArtifacts\StringOperations\Wrk\Output\Website\icons\privfield.gif
C:\Program Files (x86)\EWSoftware\Sandcastle Help File Builder\PresentationStyles\VS2015IconSetPresentation_v2019_4_7_0\icons\privinterface.gif -&gt; C:\SoftwareArtifacts\StringOperations\Wrk\Output\Website\icons\privinterface.gif
C:\Program Files (x86)\EWSoftware\Sandcastle Help File Builder\PresentationStyles\VS2015IconSetPresentation_v2019_4_7_0\icons\privmethod.gif -&gt; C:\SoftwareArtifacts\StringOperations\Wrk\Output\Website\icons\privmethod.gif
C:\Program Files (x86)\EWSoftware\Sandcastle Help File Builder\PresentationStyles\VS2015IconSetPresentation_v2019_4_7_0\icons\privproperty.gif -&gt; C:\SoftwareArtifacts\StringOperations\Wrk\Output\Website\icons\privproperty.gif
C:\Program Files (x86)\EWSoftware\Sandcastle Help File Builder\PresentationStyles\VS2015IconSetPresentation_v2019_4_7_0\icons\privstructure.gif -&gt; C:\SoftwareArtifacts\StringOperations\Wrk\Output\Website\icons\privstructure.gif
C:\Program Files (x86)\EWSoftware\Sandcastle Help File Builder\PresentationStyles\VS2015IconSetPresentation_v2019_4_7_0\icons\protclass.gif -&gt; C:\SoftwareArtifacts\StringOperations\Wrk\Output\Website\icons\protclass.gif
C:\Program Files (x86)\EWSoftware\Sandcastle Help File Builder\PresentationStyles\VS2015IconSetPresentation_v2019_4_7_0\icons\protdelegate.gif -&gt; C:\SoftwareArtifacts\StringOperations\Wrk\Output\Website\icons\protdelegate.gif
C:\Program Files (x86)\EWSoftware\Sandcastle Help File Builder\PresentationStyles\VS2015IconSetPresentation_v2019_4_7_0\icons\protenumeration.gif -&gt; C:\SoftwareArtifacts\StringOperations\Wrk\Output\Website\icons\protenumeration.gif
C:\Program Files (x86)\EWSoftware\Sandcastle Help File Builder\PresentationStyles\VS2015IconSetPresentation_v2019_4_7_0\icons\protevent.gif -&gt; C:\SoftwareArtifacts\StringOperations\Wrk\Output\Website\icons\protevent.gif
C:\Program Files (x86)\EWSoftware\Sandcastle Help File Builder\PresentationStyles\VS2015IconSetPresentation_v2019_4_7_0\icons\protextension.gif -&gt; C:\SoftwareArtifacts\StringOperations\Wrk\Output\Website\icons\protextension.gif
C:\Program Files (x86)\EWSoftware\Sandcastle Help File Builder\PresentationStyles\VS2015IconSetPresentation_v2019_4_7_0\icons\protfield.gif -&gt; C:\SoftwareArtifacts\StringOperations\Wrk\Output\Website\icons\protfield.gif
C:\Program Files (x86)\EWSoftware\Sandcastle Help File Builder\PresentationStyles\VS2015IconSetPresentation_v2019_4_7_0\icons\protinterface.gif -&gt; C:\SoftwareArtifacts\StringOperations\Wrk\Output\Website\icons\protinterface.gif
C:\Program Files (x86)\EWSoftware\Sandcastle Help File Builder\PresentationStyles\VS2015IconSetPresentation_v2019_4_7_0\icons\protmethod.gif -&gt; C:\SoftwareArtifacts\StringOperations\Wrk\Output\Website\icons\protmethod.gif
C:\Program Files (x86)\EWSoftware\Sandcastle Help File Builder\PresentationStyles\VS2015IconSetPresentation_v2019_4_7_0\icons\protoperator.gif -&gt; C:\SoftwareArtifacts\StringOperations\Wrk\Output\Website\icons\protoperator.gif
C:\Program Files (x86)\EWSoftware\Sandcastle Help File Builder\PresentationStyles\VS2015IconSetPresentation_v2019_4_7_0\icons\protproperty.gif -&gt; C:\SoftwareArtifacts\StringOperations\Wrk\Output\Website\icons\protproperty.gif
C:\Program Files (x86)\EWSoftware\Sandcastle Help File Builder\PresentationStyles\VS2015IconSetPresentation_v2019_4_7_0\icons\protstructure.gif -&gt; C:\SoftwareArtifacts\StringOperations\Wrk\Output\Website\icons\protstructure.gif
C:\Program Files (x86)\EWSoftware\Sandcastle Help File Builder\PresentationStyles\VS2015IconSetPresentation_v2019_4_7_0\icons\pubclass.gif -&gt; C:\SoftwareArtifacts\StringOperations\Wrk\Output\Website\icons\pubclass.gif
C:\Program Files (x86)\EWSoftware\Sandcastle Help File Builder\PresentationStyles\VS2015IconSetPresentation_v2019_4_7_0\icons\pubdelegate.gif -&gt; C:\SoftwareArtifacts\StringOperations\Wrk\Output\Website\icons\pubdelegate.gif
C:\Program Files (x86)\EWSoftware\Sandcastle Help File Builder\PresentationStyles\VS2015IconSetPresentation_v2019_4_7_0\icons\pubenumeration.gif -&gt; C:\SoftwareArtifacts\StringOperations\Wrk\Output\Website\icons\pubenumeration.gif
C:\Program Files (x86)\EWSoftware\Sandcastle Help File Builder\PresentationStyles\VS2015IconSetPresentation_v2019_4_7_0\icons\pubevent.gif -&gt; C:\SoftwareArtifacts\StringOperations\Wrk\Output\Website\icons\pubevent.gif
C:\Program Files (x86)\EWSoftware\Sandcastle Help File Builder\PresentationStyles\VS2015IconSetPresentation_v2019_4_7_0\icons\pubextension.gif -&gt; C:\SoftwareArtifacts\StringOperations\Wrk\Output\Website\icons\pubextension.gif
C:\Program Files (x86)\EWSoftware\Sandcastle Help File Builder\PresentationStyles\VS2015IconSetPresentation_v2019_4_7_0\icons\pubfield.gif -&gt; C:\SoftwareArtifacts\StringOperations\Wrk\Output\Website\icons\pubfield.gif
C:\Program Files (x86)\EWSoftware\Sandcastle Help File Builder\PresentationStyles\VS2015IconSetPresentation_v2019_4_7_0\icons\pubinterface.gif -&gt; C:\SoftwareArtifacts\StringOperations\Wrk\Output\Website\icons\pubinterface.gif
C:\Program Files (x86)\EWSoftware\Sandcastle Help File Builder\PresentationStyles\VS2015IconSetPresentation_v2019_4_7_0\icons\pubmethod.gif -&gt; C:\SoftwareArtifacts\StringOperations\Wrk\Output\Website\icons\pubmethod.gif
C:\Program Files (x86)\EWSoftware\Sandcastle Help File Builder\PresentationStyles\VS2015IconSetPresentation_v2019_4_7_0\icons\puboperator.gif -&gt; C:\SoftwareArtifacts\StringOperations\Wrk\Output\Website\icons\puboperator.gif
C:\Program Files (x86)\EWSoftware\Sandcastle Help File Builder\PresentationStyles\VS2015IconSetPresentation_v2019_4_7_0\icons\pubproperty.gif -&gt; C:\SoftwareArtifacts\StringOperations\Wrk\Output\Website\icons\pubproperty.gif
C:\Program Files (x86)\EWSoftware\Sandcastle Help File Builder\PresentationStyles\VS2015IconSetPresentation_v2019_4_7_0\icons\pubstructure.gif -&gt; C:\SoftwareArtifacts\StringOperations\Wrk\Output\Website\icons\pubstructure.gif
C:\Program Files (x86)\EWSoftware\Sandcastle Help File Builder\PresentationStyles\VS2015IconSetPresentation_v2019_4_7_0\icons\SectionCollapsed.png -&gt; C:\SoftwareArtifacts\StringOperations\Wrk\Output\Website\icons\SectionCollapsed.png
C:\Program Files (x86)\EWSoftware\Sandcastle Help File Builder\PresentationStyles\VS2015IconSetPresentation_v2019_4_7_0\icons\SectionExpanded.png -&gt; C:\SoftwareArtifacts\StringOperations\Wrk\Output\Website\icons\SectionExpanded.png
C:\Program Files (x86)\EWSoftware\Sandcastle Help File Builder\PresentationStyles\VS2015IconSetPresentation_v2019_4_7_0\icons\slMobile.gif -&gt; C:\SoftwareArtifacts\StringOperations\Wrk\Output\Website\icons\slMobile.gif
C:\Program Files (x86)\EWSoftware\Sandcastle Help File Builder\PresentationStyles\VS2015IconSetPresentation_v2019_4_7_0\icons\static.gif -&gt; C:\SoftwareArtifacts\StringOperations\Wrk\Output\Website\icons\static.gif
C:\Program Files (x86)\EWSoftware\Sandcastle Help File Builder\PresentationStyles\VS2015IconSetPresentation_v2019_4_7_0\icons\Thumbs.db -&gt; C:\SoftwareArtifacts\StringOperations\Wrk\Output\Website\icons\Thumbs.db
C:\Program Files (x86)\EWSoftware\Sandcastle Help File Builder\PresentationStyles\VS2015IconSetPresentation_v2019_4_7_0\icons\xna.gif -&gt; C:\SoftwareArtifacts\StringOperations\Wrk\Output\Website\icons\xna.gif
C:\Program Files (x86)\EWSoftware\Sandcastle Help File Builder\PresentationStyles\VS2015IconSetPresentation_v2019_4_7_0\scripts\branding.js -&gt; C:\SoftwareArtifacts\StringOperations\Wrk\Output\Website\scripts\branding.js
C:\Program Files (x86)\EWSoftware\Sandcastle Help File Builder\PresentationStyles\VS2015IconSetPresentation_v2019_4_7_0\styles\branding-cs-CZ.css -&gt; C:\SoftwareArtifacts\StringOperations\Wrk\Output\Website\styles\branding-cs-CZ.css
C:\Program Files (x86)\EWSoftware\Sandcastle Help File Builder\PresentationStyles\VS2015IconSetPresentation_v2019_4_7_0\styles\branding-de-DE.css -&gt; C:\SoftwareArtifacts\StringOperations\Wrk\Output\Website\styles\branding-de-DE.css
C:\Program Files (x86)\EWSoftware\Sandcastle Help File Builder\PresentationStyles\VS2015IconSetPresentation_v2019_4_7_0\styles\branding-en-US.css -&gt; C:\SoftwareArtifacts\StringOperations\Wrk\Output\Website\styles\branding-en-US.css
C:\Program Files (x86)\EWSoftware\Sandcastle Help File Builder\PresentationStyles\VS2015IconSetPresentation_v2019_4_7_0\styles\branding-es-ES.css -&gt; C:\SoftwareArtifacts\StringOperations\Wrk\Output\Website\styles\branding-es-ES.css
C:\Program Files (x86)\EWSoftware\Sandcastle Help File Builder\PresentationStyles\VS2015IconSetPresentation_v2019_4_7_0\styles\branding-fr-FR.css -&gt; C:\SoftwareArtifacts\StringOperations\Wrk\Output\Website\styles\branding-fr-FR.css
C:\Program Files (x86)\EWSoftware\Sandcastle Help File Builder\PresentationStyles\VS2015IconSetPresentation_v2019_4_7_0\styles\branding-Help1.css -&gt; C:\SoftwareArtifacts\StringOperations\Wrk\Output\Website\styles\branding-Help1.css
C:\Program Files (x86)\EWSoftware\Sandcastle Help File Builder\PresentationStyles\VS2015IconSetPresentation_v2019_4_7_0\styles\branding-HelpViewer.css -&gt; C:\SoftwareArtifacts\StringOperations\Wrk\Output\Website\styles\branding-HelpViewer.css
C:\Program Files (x86)\EWSoftware\Sandcastle Help File Builder\PresentationStyles\VS2015IconSetPresentation_v2019_4_7_0\styles\branding-it-IT.css -&gt; C:\SoftwareArtifacts\StringOperations\Wrk\Output\Website\styles\branding-it-IT.css
C:\Program Files (x86)\EWSoftware\Sandcastle Help File Builder\PresentationStyles\VS2015IconSetPresentation_v2019_4_7_0\styles\branding-ja-JP.css -&gt; C:\SoftwareArtifacts\StringOperations\Wrk\Output\Website\styles\branding-ja-JP.css
C:\Program Files (x86)\EWSoftware\Sandcastle Help File Builder\PresentationStyles\VS2015IconSetPresentation_v2019_4_7_0\styles\branding-ko-KR.css -&gt; C:\SoftwareArtifacts\StringOperations\Wrk\Output\Website\styles\branding-ko-KR.css
C:\Program Files (x86)\EWSoftware\Sandcastle Help File Builder\PresentationStyles\VS2015IconSetPresentation_v2019_4_7_0\styles\branding-pl-PL.css -&gt; C:\SoftwareArtifacts\StringOperations\Wrk\Output\Website\styles\branding-pl-PL.css
C:\Program Files (x86)\EWSoftware\Sandcastle Help File Builder\PresentationStyles\VS2015IconSetPresentation_v2019_4_7_0\styles\branding-pt-BR.css -&gt; C:\SoftwareArtifacts\StringOperations\Wrk\Output\Website\styles\branding-pt-BR.css
C:\Program Files (x86)\EWSoftware\Sandcastle Help File Builder\PresentationStyles\VS2015IconSetPresentation_v2019_4_7_0\styles\branding-ru-RU.css -&gt; C:\SoftwareArtifacts\StringOperations\Wrk\Output\Website\styles\branding-ru-RU.css
C:\Program Files (x86)\EWSoftware\Sandcastle Help File Builder\PresentationStyles\VS2015IconSetPresentation_v2019_4_7_0\styles\branding-tr-TR.css -&gt; C:\SoftwareArtifacts\StringOperations\Wrk\Output\Website\styles\branding-tr-TR.css
C:\Program Files (x86)\EWSoftware\Sandcastle Help File Builder\PresentationStyles\VS2015IconSetPresentation_v2019_4_7_0\styles\branding-Website.css -&gt; C:\SoftwareArtifacts\StringOperations\Wrk\Output\Website\styles\branding-Website.css
C:\Program Files (x86)\EWSoftware\Sandcastle Help File Builder\PresentationStyles\VS2015IconSetPresentation_v2019_4_7_0\styles\branding-zh-CN.css -&gt; C:\SoftwareArtifacts\StringOperations\Wrk\Output\Website\styles\branding-zh-CN.css
C:\Program Files (x86)\EWSoftware\Sandcastle Help File Builder\PresentationStyles\VS2015IconSetPresentation_v2019_4_7_0\styles\branding-zh-TW.css -&gt; C:\SoftwareArtifacts\StringOperations\Wrk\Output\Website\styles\branding-zh-TW.css
C:\Program Files (x86)\EWSoftware\Sandcastle Help File Builder\PresentationStyles\VS2015IconSetPresentation_v2019_4_7_0\styles\branding.css -&gt; C:\SoftwareArtifacts\StringOperations\Wrk\Output\Website\styles\branding.css
C:\Program Files (x86)\EWSoftware\Sandcastle Help File Builder\PresentationStyles\VS2015IconSetPresentation_v2019_4_7_0\Web\index.html -&gt; C:\SoftwareArtifacts\StringOperations\Wrk\Output\Website\index.html
C:\Program Files (x86)\EWSoftware\Sandcastle Help File Builder\PresentationStyles\VS2015IconSetPresentation_v2019_4_7_0\Web\search.html -&gt; C:\SoftwareArtifacts\StringOperations\Wrk\Output\Website\search.html
C:\Program Files (x86)\EWSoftware\Sandcastle Help File Builder\PresentationStyles\VS2015IconSetPresentation_v2019_4_7_0\Web\SearchHelp.aspx -&gt; C:\SoftwareArtifacts\StringOperations\Wrk\Output\Website\SearchHelp.aspx
C:\Program Files (x86)\EWSoftware\Sandcastle Help File Builder\PresentationStyles\VS2015IconSetPresentation_v2019_4_7_0\Web\SearchHelp.inc.php -&gt; C:\SoftwareArtifacts\StringOperations\Wrk\Output\Website\SearchHelp.inc.php
C:\Program Files (x86)\EWSoftware\Sandcastle Help File Builder\PresentationStyles\VS2015IconSetPresentation_v2019_4_7_0\Web\SearchHelp.php -&gt; C:\SoftwareArtifacts\StringOperations\Wrk\Output\Website\SearchHelp.php
C:\Program Files (x86)\EWSoftware\Sandcastle Help File Builder\PresentationStyles\VS2015IconSetPresentation_v2019_4_7_0\Web\Web.Config -&gt; C:\SoftwareArtifacts\StringOperations\Wrk\Output\Website\Web.Config
C:\Program Files (x86)\EWSoftware\Sandcastle Help File Builder\PresentationStyles\VS2015IconSetPresentation_v2019_4_7_0\Web\html\GeneralError.htm -&gt; C:\SoftwareArtifacts\StringOperations\Wrk\Output\Website\html\GeneralError.htm
C:\Program Files (x86)\EWSoftware\Sandcastle Help File Builder\PresentationStyles\VS2015IconSetPresentation_v2019_4_7_0\Web\html\PageNotFound.htm -&gt; C:\SoftwareArtifacts\StringOperations\Wrk\Output\Website\html\PageNotFound.htm
C:\Program Files (x86)\EWSoftware\Sandcastle Help File Builder\PresentationStyles\VS2015IconSetPresentation_v2019_4_7_0\Web\icons\Search.png -&gt; C:\SoftwareArtifacts\StringOperations\Wrk\Output\Website\icons\Search.png
C:\Program Files (x86)\EWSoftware\Sandcastle Help File Builder\PresentationStyles\VS2015IconSetPresentation_v2019_4_7_0\Web\icons\TocClose.gif -&gt; C:\SoftwareArtifacts\StringOperations\Wrk\Output\Website\icons\TocClose.gif
C:\Program Files (x86)\EWSoftware\Sandcastle Help File Builder\PresentationStyles\VS2015IconSetPresentation_v2019_4_7_0\Web\icons\TocCollapsed.gif -&gt; C:\SoftwareArtifacts\StringOperations\Wrk\Output\Website\icons\TocCollapsed.gif
C:\Program Files (x86)\EWSoftware\Sandcastle Help File Builder\PresentationStyles\VS2015IconSetPresentation_v2019_4_7_0\Web\icons\TocExpanded.gif -&gt; C:\SoftwareArtifacts\StringOperations\Wrk\Output\Website\icons\TocExpanded.gif
C:\Program Files (x86)\EWSoftware\Sandcastle Help File Builder\PresentationStyles\VS2015IconSetPresentation_v2019_4_7_0\Web\icons\TocOpen.gif -&gt; C:\SoftwareArtifacts\StringOperations\Wrk\Output\Website\icons\TocOpen.gif
C:\Program Files (x86)\EWSoftware\Sandcastle Help File Builder\PresentationStyles\VS2015IconSetPresentation_v2019_4_7_0\Web\scripts\branding-Website.js -&gt; C:\SoftwareArtifacts\StringOperations\Wrk\Output\Website\scripts\branding-Website.js
C:\Program Files (x86)\EWSoftware\Sandcastle Help File Builder\PresentationStyles\VS2015IconSetPresentation_v2019_4_7_0\Web\scripts\clipboard.min.js -&gt; C:\SoftwareArtifacts\StringOperations\Wrk\Output\Website\scripts\clipboard.min.js
C:\Program Files (x86)\EWSoftware\Sandcastle Help File Builder\PresentationStyles\VS2015IconSetPresentation_v2019_4_7_0\Web\scripts\jquery-3.3.1.min.js -&gt; C:\SoftwareArtifacts\StringOperations\Wrk\Output\Website\scripts\jquery-3.3.1.min.js
    Last step completed in 00:00:04.3905
</buildStep>
<buildStep step="GenerateHelpFormatTableOfContents">
Generating website table of contents file...
    Last step completed in 00:00:00.0000
</buildStep>
<buildStep step="GenerateFullTextIndex">
Generating full-text index for the website...

<plugIn name="Lightweight Website Style" behavior="After" priority="1000">
Adding lightweight search and TOC elements to each topic...
</plugIn>    Last step completed in 00:00:00.1250
</buildStep>
<buildStep step="CopyingWebsiteFiles">
Copying website files to output folder...

Copied 124 files for the website content
    Last step completed in 00:00:01.0625
</buildStep>
<buildStep step="CleanIntermediates">
Removing intermediate files...
    Last step completed in 00:00:00.0781
</buildStep>
<buildStep step="Completed">

Build completed successfully at 4/11/2019 10:18:40 PM.  Total time: 00:01:01.7941

</buildStep>
</shfbBuild>
